BD inicializada con 1000 libros
Error guardando BD: com.example.proyecto_distribuidos2530.modelo.Libro
BD inicializada con 1000 libros
Error guardando BD: com.example.proyecto_distribuidos2530.modelo.Libro
GestorAlmcto SEDE1 listo (PRIMARIO)
Libro B0003 renovado en sede SEDE1
Error guardando BD: com.example.proyecto_distribuidos2530.modelo.Libro
Libro B0003 renovado en sede SEDE1
Error guardando BD: com.example.proyecto_distribuidos2530.modelo.Libro
Libro B0007 renovado en sede SEDE1
Error guardando BD: com.example.proyecto_distribuidos2530.modelo.Libro
Libro B0007 renovado en sede SEDE1
Error guardando BD: com.example.proyecto_distribuidos2530.modelo.Libro
Libro B0001 renovado en sede SEDE1
Error guardando BD: com.example.proyecto_distribuidos2530.modelo.Libro
Libro B0001 renovado en sede SEDE1
Error guardando BD: com.example.proyecto_distribuidos2530.modelo.Libro
Libro B0005 renovado en sede SEDE1
Error guardando BD: com.example.proyecto_distribuidos2530.modelo.Libro
Libro B0005 renovado en sede SEDE1
Error guardando BD: com.example.proyecto_distribuidos2530.modelo.Libro
Libro B0009 renovado en sede SEDE1
Error guardando BD: com.example.proyecto_distribuidos2530.modelo.Libro
Libro B0009 renovado en sede SEDE1
Error guardando BD: com.example.proyecto_distribuidos2530.modelo.Libro
^C